C:\Program Files\Microsoft Visual Studio\2022\Community\MSBuild\Microsoft\VC\v170\Microsoft.CppBuild.targets(517,5): warning MSB8004: Output Directory does not end with a trailing slash.  This build instance will add the slash as it is required to allow proper evaluation of the Output Directory.
  BarManager.cpp
C:\Users\Diliana Vasileva\source\repos\geometryWars\include\inputManager.h(4,10): warning C4067: unexpected tokens following preprocessor directive - expected a newline
C:\Users\Diliana Vasileva\source\repos\geometryWars\src\BarManager.cpp(51,48): warning C4244: '=': conversion from 'double' to 'int', possible loss of data
  Board.cpp
C:\Users\Diliana Vasileva\source\repos\geometryWars\include\InputManager.h(4,10): warning C4067: unexpected tokens following preprocessor directive - expected a newline
  Bullet.cpp
C:\Users\Diliana Vasileva\source\repos\geometryWars\src\Bullet.cpp(8,24): warning C4244: '=': conversion from 'int' to 'float', possible loss of data
C:\Users\Diliana Vasileva\source\repos\geometryWars\src\Bullet.cpp(9,24): warning C4244: '=': conversion from 'int' to 'float', possible loss of data
C:\Users\Diliana Vasileva\source\repos\geometryWars\src\Bullet.cpp(19,12): warning C4244: 'initializing': conversion from 'double' to 'float', possible loss of data
C:\Users\Diliana Vasileva\source\repos\geometryWars\src\Bullet.cpp(28,26): warning C4244: '=': conversion from 'float' to 'int', possible loss of data
C:\Users\Diliana Vasileva\source\repos\geometryWars\src\Bullet.cpp(29,26): warning C4244: '=': conversion from 'float' to 'int', possible loss of data
  Enemy.cpp
  Entity.cpp
C:\Users\Diliana Vasileva\source\repos\geometryWars\src\Entity.cpp(41,12): warning C4244: 'initializing': conversion from 'double' to 'float', possible loss of data
C:\Users\Diliana Vasileva\source\repos\geometryWars\src\Entity.cpp(50,26): warning C4244: '=': conversion from 'float' to 'int', possible loss of data
C:\Users\Diliana Vasileva\source\repos\geometryWars\src\Entity.cpp(51,26): warning C4244: '=': conversion from 'float' to 'int', possible loss of data
  Game.cpp
C:\Users\Diliana Vasileva\source\repos\geometryWars\include\InputManager.h(4,10): warning C4067: unexpected tokens following preprocessor directive - expected a newline
  InputManager.cpp
C:\Users\Diliana Vasileva\source\repos\geometryWars\include\InputManager.h(4,10): warning C4067: unexpected tokens following preprocessor directive - expected a newline
C:\Users\Diliana Vasileva\source\repos\geometryWars\src\InputManager.cpp(45,36): warning C4244: '*=': conversion from 'float' to 'int', possible loss of data
C:\Users\Diliana Vasileva\source\repos\geometryWars\src\InputManager.cpp(46,36): warning C4244: '*=': conversion from 'float' to 'int', possible loss of data
  main.cpp
C:\Users\Diliana Vasileva\source\repos\geometryWars\include\InputManager.h(4,10): warning C4067: unexpected tokens following preprocessor directive - expected a newline
  Player.cpp
C:\Users\Diliana Vasileva\source\repos\geometryWars\include\InputManager.h(4,10): warning C4067: unexpected tokens following preprocessor directive - expected a newline
C:\Users\Diliana Vasileva\source\repos\geometryWars\src\Player.cpp(37,20): warning C4018: '<': signed/unsigned mismatch
C:\Users\Diliana Vasileva\source\repos\geometryWars\src\Player.cpp(58,20): warning C4018: '<': signed/unsigned mismatch
C:\Users\Diliana Vasileva\source\repos\geometryWars\src\Player.cpp(82,59): warning C4244: '+=': conversion from 'double' to 'float', possible loss of data
C:\Users\Diliana Vasileva\source\repos\geometryWars\src\Player.cpp(83,59): warning C4244: '+=': conversion from 'double' to 'float', possible loss of data
C:\Users\Diliana Vasileva\source\repos\geometryWars\src\Player.cpp(85,26): warning C4244: '=': conversion from 'float' to 'int', possible loss of data
C:\Users\Diliana Vasileva\source\repos\geometryWars\src\Player.cpp(86,26): warning C4244: '=': conversion from 'float' to 'int', possible loss of data
C:\Users\Diliana Vasileva\source\repos\geometryWars\src\Player.cpp(98,38): warning C4244: 'argument': conversion from 'double' to 'int', possible loss of data
  Presenter.cpp
C:\Users\Diliana Vasileva\source\repos\geometryWars\include\InputManager.h(4,10): warning C4067: unexpected tokens following preprocessor directive - expected a newline
C:\Users\Diliana Vasileva\source\repos\geometryWars\src\Presenter.cpp(77,43): warning C4244: '=': conversion from 'double' to 'float', possible loss of data
C:\Users\Diliana Vasileva\source\repos\geometryWars\src\Presenter.cpp(78,44): warning C4244: '=': conversion from 'double' to 'float', possible loss of data
  Spawner.cpp
  StateManager.cpp
C:\Users\Diliana Vasileva\source\repos\geometryWars\include\InputManager.h(4,10): warning C4067: unexpected tokens following preprocessor directive - expected a newline
  TitleScreen.cpp
C:\Users\Diliana Vasileva\source\repos\geometryWars\include\InputManager.h(4,10): warning C4067: unexpected tokens following preprocessor directive - expected a newline
  World.cpp
C:\Users\Diliana Vasileva\source\repos\geometryWars\include\InputManager.h(4,10): warning C4067: unexpected tokens following preprocessor directive - expected a newline
  Generating Code...
  SDL-Template.vcxproj -> C:\Users\Diliana Vasileva\source\repos\geometryWars\run\SDL-Template.exe
